0 info it worked if it ends with ok
1 verbose cli [ '/Users/dllo/.nvm/versions/node/v6.11.1/bin/node',
1 verbose cli   '/Users/dllo/.nvm/versions/node/v6.11.1/bin/npm',
1 verbose cli   'install' ]
2 info using npm@3.10.10
3 info using node@v6.11.1
4 silly loadCurrentTree Starting
5 silly install loadCurrentTree
6 silly install readLocalPackageData
7 silly install normalizeTree
8 silly loadCurrentTree Finishing
9 silly loadIdealTree Starting
10 silly install loadIdealTree
11 silly cloneCurrentTree Starting
12 silly install cloneCurrentTreeToIdealTree
13 silly cloneCurrentTree Finishing
14 silly loadShrinkwrap Starting
15 silly install loadShrinkwrap
16 silly loadShrinkwrap Finishing
17 silly loadAllDepsIntoIdealTree Starting
18 silly install loadAllDepsIntoIdealTree
19 silly fetchNamedPackageData jQuery
20 silly mapToRegistry name jQuery
21 silly mapToRegistry using default registry
22 silly mapToRegistry registry http://r.cnpmjs.org/
23 silly mapToRegistry data Result {
23 silly mapToRegistry   raw: 'jQuery',
23 silly mapToRegistry   scope: null,
23 silly mapToRegistry   escapedName: 'jQuery',
23 silly mapToRegistry   name: 'jQuery',
23 silly mapToRegistry   rawSpec: '',
23 silly mapToRegistry   spec: 'latest',
23 silly mapToRegistry   type: 'tag' }
24 silly mapToRegistry uri http://r.cnpmjs.org/jQuery
25 verbose request uri http://r.cnpmjs.org/jQuery
26 verbose request no auth needed
27 info attempt registry request try #1 at 7:30:25 PM
28 verbose request id 0a4d0c51b3fe0df7
29 http request GET http://r.cnpmjs.org/jQuery
30 http 200 http://r.cnpmjs.org/jQuery
31 verbose headers { server: 'nginx/1.4.6 (Ubuntu)',
31 verbose headers   date: 'Thu, 03 Aug 2017 11:30:25 GMT',
31 verbose headers   'content-type': 'application/json; charset=utf-8',
31 verbose headers   'transfer-encoding': 'chunked',
31 verbose headers   connection: 'keep-alive',
31 verbose headers   'x-current-requests': '1',
31 verbose headers   'x-readtime': '15',
31 verbose headers   'strict-transport-security': 'max-age=15768000',
31 verbose headers   'content-encoding': 'gzip' }
32 silly get cb [ 200,
32 silly get   { server: 'nginx/1.4.6 (Ubuntu)',
32 silly get     date: 'Thu, 03 Aug 2017 11:30:25 GMT',
32 silly get     'content-type': 'application/json; charset=utf-8',
32 silly get     'transfer-encoding': 'chunked',
32 silly get     connection: 'keep-alive',
32 silly get     'x-current-requests': '1',
32 silly get     'x-readtime': '15',
32 silly get     'strict-transport-security': 'max-age=15768000',
32 silly get     'content-encoding': 'gzip' } ]
33 verbose get saving jQuery to /Users/dllo/.npm/r.cnpmjs.org/jQuery/.cache.json
34 verbose correctMkdir /Users/dllo/.npm correctMkdir not in flight; initializing
35 silly fetchPackageMetaData Error: No compatible version found: jQuery@~1.8.3
35 silly fetchPackageMetaData Valid install targets:
35 silly fetchPackageMetaData 1.7.4, 1.7.3, 1.7.2, 1.6.3, 1.6.2
35 silly fetchPackageMetaData
35 silly fetchPackageMetaData     at pickVersionFromRegistryDocument (/Users/dllo/.nvm/versions/node/v6.11.1/lib/node_modules/npm/lib/fetch-package-metadata.js:178:16)
35 silly fetchPackageMetaData     at /Users/dllo/.nvm/versions/node/v6.11.1/lib/node_modules/npm/node_modules/iferr/index.js:13:50
35 silly fetchPackageMetaData     at /Users/dllo/.nvm/versions/node/v6.11.1/lib/node_modules/npm/lib/utils/pulse-till-done.js:20:8
35 silly fetchPackageMetaData     at saved (/Users/dllo/.nvm/versions/node/v6.11.1/lib/node_modules/npm/lib/cache/caching-client.js:174:7)
35 silly fetchPackageMetaData     at /Users/dllo/.nvm/versions/node/v6.11.1/lib/node_modules/npm/node_modules/graceful-fs/polyfills.js:241:18
35 silly fetchPackageMetaData     at FSReqWrap.oncomplete (fs.js:123:15)
35 silly fetchPackageMetaData  error for jQuery@~1.8.3 { Error: No compatible version found: jQuery@~1.8.3
35 silly fetchPackageMetaData Valid install targets:
35 silly fetchPackageMetaData 1.7.4, 1.7.3, 1.7.2, 1.6.3, 1.6.2
35 silly fetchPackageMetaData
35 silly fetchPackageMetaData     at pickVersionFromRegistryDocument (/Users/dllo/.nvm/versions/node/v6.11.1/lib/node_modules/npm/lib/fetch-package-metadata.js:178:16)
35 silly fetchPackageMetaData     at /Users/dllo/.nvm/versions/node/v6.11.1/lib/node_modules/npm/node_modules/iferr/index.js:13:50
35 silly fetchPackageMetaData     at /Users/dllo/.nvm/versions/node/v6.11.1/lib/node_modules/npm/lib/utils/pulse-till-done.js:20:8
35 silly fetchPackageMetaData     at saved (/Users/dllo/.nvm/versions/node/v6.11.1/lib/node_modules/npm/lib/cache/caching-client.js:174:7)
35 silly fetchPackageMetaData     at /Users/dllo/.nvm/versions/node/v6.11.1/lib/node_modules/npm/node_modules/graceful-fs/polyfills.js:241:18
35 silly fetchPackageMetaData     at FSReqWrap.oncomplete (fs.js:123:15) code: 'ETARGET' }
36 silly rollbackFailedOptional Starting
37 silly rollbackFailedOptional Finishing
38 silly runTopLevelLifecycles Finishing
39 silly install printInstalled
40 verbose stack Error: No compatible version found: jQuery@~1.8.3
40 verbose stack Valid install targets:
40 verbose stack 1.7.4, 1.7.3, 1.7.2, 1.6.3, 1.6.2
40 verbose stack
40 verbose stack     at pickVersionFromRegistryDocument (/Users/dllo/.nvm/versions/node/v6.11.1/lib/node_modules/npm/lib/fetch-package-metadata.js:178:16)
40 verbose stack     at /Users/dllo/.nvm/versions/node/v6.11.1/lib/node_modules/npm/node_modules/iferr/index.js:13:50
40 verbose stack     at /Users/dllo/.nvm/versions/node/v6.11.1/lib/node_modules/npm/lib/utils/pulse-till-done.js:20:8
40 verbose stack     at saved (/Users/dllo/.nvm/versions/node/v6.11.1/lib/node_modules/npm/lib/cache/caching-client.js:174:7)
40 verbose stack     at /Users/dllo/.nvm/versions/node/v6.11.1/lib/node_modules/npm/node_modules/graceful-fs/polyfills.js:241:18
40 verbose stack     at FSReqWrap.oncomplete (fs.js:123:15)
41 verbose cwd /Users/dllo/Desktop/Node.js/04.Express/03.express-ejs
42 error Darwin 15.0.0
43 error argv "/Users/dllo/.nvm/versions/node/v6.11.1/bin/node" "/Users/dllo/.nvm/versions/node/v6.11.1/bin/npm" "install"
44 error node v6.11.1
45 error npm  v3.10.10
46 error code ETARGET
47 error notarget No compatible version found: jQuery@~1.8.3
47 error notarget Valid install targets:
47 error notarget 1.7.4, 1.7.3, 1.7.2, 1.6.3, 1.6.2
48 error notarget This is most likely not a problem with npm itself.
48 error notarget In most cases you or one of your dependencies are requesting
48 error notarget a package version that doesn't exist.
48 error notarget
48 error notarget It was specified as a dependency of '03.express-ejs'
49 verbose exit [ 1, true ]
